2026-02-03 12:26:43,789 INFO o.a.j.u.JMeterUtils: Setting Locale to en_EN
2026-02-03 12:26:43,805 INFO o.a.j.JMeter: Loading user properties from: user.properties
2026-02-03 12:26:43,805 INFO o.a.j.JMeter: Loading system properties from: system.properties
2026-02-03 12:26:43,807 INFO o.a.j.JMeter: Copyright (c) 1998-2024 The Apache Software Foundation
2026-02-03 12:26:43,807 INFO o.a.j.JMeter: Version 5.6.3
2026-02-03 12:26:43,807 INFO o.a.j.JMeter: java.version=21.0.9
2026-02-03 12:26:43,807 INFO o.a.j.JMeter: java.vm.name=Java HotSpot(TM) 64-Bit Server VM
2026-02-03 12:26:43,807 INFO o.a.j.JMeter: os.name=Windows 11
2026-02-03 12:26:43,807 INFO o.a.j.JMeter: os.arch=amd64
2026-02-03 12:26:43,807 INFO o.a.j.JMeter: os.version=10.0
2026-02-03 12:26:43,807 INFO o.a.j.JMeter: file.encoding=UTF-8
2026-02-03 12:26:43,807 INFO o.a.j.JMeter: java.awt.headless=true
2026-02-03 12:26:43,807 INFO o.a.j.JMeter: Max memory     =1073741824
2026-02-03 12:26:43,807 INFO o.a.j.JMeter: Available Processors =8
2026-02-03 12:26:43,833 INFO o.a.j.JMeter: Default Locale=English (EN)
2026-02-03 12:26:43,833 INFO o.a.j.JMeter: JMeter  Locale=English (EN)
2026-02-03 12:26:43,833 INFO o.a.j.JMeter: JMeterHome=D:\Jmeter\apache-jmeter\apache-jmeter-5.6.3
2026-02-03 12:26:43,833 INFO o.a.j.JMeter: user.dir  =D:\Jmeter\apache-jmeter\apache-jmeter-5.6.3\bin
2026-02-03 12:26:43,833 INFO o.a.j.JMeter: PWD       =D:\Jmeter\apache-jmeter\apache-jmeter-5.6.3\bin
2026-02-03 12:26:43,835 INFO o.a.j.JMeter: IP: 192.168.1.16 Name: DESKTOP-ECTTUKC FullName: DESKTOP-ECTTUKC
2026-02-03 12:26:43,845 INFO o.a.j.JMeter: Setting property 'jmeter.reportgenerator.outputdir' to:'D:\Jmeter\apache-jmeter\Report'
2026-02-03 12:26:43,845 INFO o.a.j.s.FileServer: Default base='D:\Jmeter\apache-jmeter\apache-jmeter-5.6.3\bin'
2026-02-03 12:26:43,845 INFO o.a.j.s.FileServer: Set new base='D:\Jmeter\apache-jmeter\apache-jmeter-5.6.3'
2026-02-03 12:26:44,004 INFO o.a.j.s.SaveService: Testplan (JMX) version: 2.2. Testlog (JTL) version: 2.2
2026-02-03 12:26:44,035 INFO o.a.j.s.SaveService: Using SaveService properties version 5.0
2026-02-03 12:26:44,051 INFO o.a.j.s.SaveService: Using SaveService properties file encoding UTF-8
2026-02-03 12:26:44,051 INFO o.a.j.s.SaveService: Loading file: D:\Jmeter\apache-jmeter\apache-jmeter-5.6.3\firsttestdemo.jmx
2026-02-03 12:26:44,098 INFO o.a.j.p.h.s.HTTPSamplerBase: Parser for text/html is org.apache.jmeter.protocol.http.parser.LagartoBasedHtmlParser
2026-02-03 12:26:44,098 INFO o.a.j.p.h.s.HTTPSamplerBase: Parser for application/xhtml+xml is org.apache.jmeter.protocol.http.parser.LagartoBasedHtmlParser
2026-02-03 12:26:44,098 INFO o.a.j.p.h.s.HTTPSamplerBase: Parser for application/xml is org.apache.jmeter.protocol.http.parser.LagartoBasedHtmlParser
2026-02-03 12:26:44,098 INFO o.a.j.p.h.s.HTTPSamplerBase: Parser for text/xml is org.apache.jmeter.protocol.http.parser.LagartoBasedHtmlParser
2026-02-03 12:26:44,098 INFO o.a.j.p.h.s.HTTPSamplerBase: Parser for text/vnd.wap.wml is org.apache.jmeter.protocol.http.parser.RegexpHTMLParser
2026-02-03 12:26:44,098 INFO o.a.j.p.h.s.HTTPSamplerBase: Parser for text/css is org.apache.jmeter.protocol.http.parser.CssParser
2026-02-03 12:26:44,121 INFO o.a.j.JMeter: Creating summariser <summary>
2026-02-03 12:26:44,129 INFO o.a.j.r.d.ReportGenerator: ReportGenerator will use for Parsing the separator: ','
2026-02-03 12:26:44,129 INFO o.a.j.r.d.ReportGenerator: Will generate report at end of test from  results file: D:\Jmeter\apache-jmeter\Result\results.jtl
2026-02-03 12:26:44,129 INFO o.a.j.r.d.ReportGenerator: Reading report generator properties from: D:\Jmeter\apache-jmeter\apache-jmeter-5.6.3\bin\reportgenerator.properties
2026-02-03 12:26:44,161 INFO o.a.j.r.d.ReportGenerator: Merging with JMeter properties
2026-02-03 12:26:44,161 INFO o.a.j.r.c.ReportGeneratorConfiguration: Property 'jmeter.reportgenerator.temp_dir' not found, using default value 'temp' instead.
2026-02-03 12:26:44,161 INFO o.a.j.r.c.ReportGeneratorConfiguration: Property 'jmeter.reportgenerator.apdex_per_transaction' not found, using default value 'null' instead.
2026-02-03 12:26:44,161 INFO o.a.j.r.c.ReportGeneratorConfiguration: apdex_per_transaction is empty, not APDEX per transaction customization
2026-02-03 12:26:44,161 INFO o.a.j.r.c.ReportGeneratorConfiguration: Property 'jmeter.reportgenerator.sample_filter' not found, using default value 'null' instead.
2026-02-03 12:26:44,161 INFO o.a.j.r.c.ReportGeneratorConfiguration: Property 'jmeter.reportgenerator.report_title' not found, using default value 'null' instead.
2026-02-03 12:26:44,161 INFO o.a.j.r.c.ReportGeneratorConfiguration: Property 'jmeter.reportgenerator.start_date' not found, using default value 'null' instead.
2026-02-03 12:26:44,161 INFO o.a.j.r.c.ReportGeneratorConfiguration: Property 'jmeter.reportgenerator.end_date' not found, using default value 'null' instead.
2026-02-03 12:26:44,161 INFO o.a.j.r.c.ReportGeneratorConfiguration: Property 'jmeter.reportgenerator.date_format' not found, using default value 'null' instead.
2026-02-03 12:26:44,161 INFO o.a.j.r.c.ReportGeneratorConfiguration: Will use date range start date: null, end date: null
2026-02-03 12:26:44,176 INFO o.a.j.r.c.ReportGeneratorConfiguration: Property 'jmeter.reportgenerator.graph.totalTPS.exclude_controllers' not found, using default value 'false' instead.
2026-02-03 12:26:44,176 INFO o.a.j.r.c.ReportGeneratorConfiguration: Property 'jmeter.reportgenerator.graph.activeThreadsOverTime.exclude_controllers' not found, using default value 'false' instead.
2026-02-03 12:26:44,176 INFO o.a.j.r.c.ReportGeneratorConfiguration: Property 'jmeter.reportgenerator.graph.timeVsThreads.exclude_controllers' not found, using default value 'false' instead.
2026-02-03 12:26:44,176 INFO o.a.j.r.c.ReportGeneratorConfiguration: Property 'jmeter.reportgenerator.graph.responseTimeDistribution.exclude_controllers' not found, using default value 'false' instead.
2026-02-03 12:26:44,176 INFO o.a.j.r.c.ReportGeneratorConfiguration: Property 'jmeter.reportgenerator.graph.transactionsPerSecond.exclude_controllers' not found, using default value 'false' instead.
2026-02-03 12:26:44,176 INFO o.a.j.r.c.ReportGeneratorConfiguration: Property 'jmeter.reportgenerator.graph.responseTimePercentiles.exclude_controllers' not found, using default value 'false' instead.
2026-02-03 12:26:44,176 INFO o.a.j.r.c.ReportGeneratorConfiguration: Property 'jmeter.reportgenerator.graph.responseTimePercentilesOverTime.exclude_controllers' not found, using default value 'false' instead.
2026-02-03 12:26:44,176 INFO o.a.j.r.c.ReportGeneratorConfiguration: Property 'jmeter.reportgenerator.graph.responseTimesOverTime.exclude_controllers' not found, using default value 'false' instead.
2026-02-03 12:26:44,176 INFO o.a.j.r.c.ReportGeneratorConfiguration: Property 'jmeter.reportgenerator.graph.connectTimeOverTime.exclude_controllers' not found, using default value 'false' instead.
2026-02-03 12:26:44,176 INFO o.a.j.r.c.ReportGeneratorConfiguration: Property 'jmeter.reportgenerator.graph.latenciesOverTime.exclude_controllers' not found, using default value 'false' instead.
2026-02-03 12:26:44,176 INFO o.a.j.r.c.ReportGeneratorConfiguration: Property 'jmeter.reportgenerator.exporter.json.filters_only_sample_series' not found, using default value 'true' instead.
2026-02-03 12:26:44,176 INFO o.a.j.r.c.ReportGeneratorConfiguration: Property 'jmeter.reportgenerator.exporter.json.series_filter' not found, using default value '' instead.
2026-02-03 12:26:44,176 INFO o.a.j.r.c.ReportGeneratorConfiguration: Property 'jmeter.reportgenerator.exporter.json.show_controllers_only' not found, using default value 'false' instead.
2026-02-03 12:26:44,176 INFO o.a.j.r.c.ReportGeneratorConfiguration: Property 'jmeter.reportgenerator.exporter.html.filters_only_sample_series' not found, using default value 'true' instead.
2026-02-03 12:26:44,176 INFO o.a.j.r.c.ReportGeneratorConfiguration: Property 'jmeter.reportgenerator.exporter.html.series_filter' not found, using default value '' instead.
2026-02-03 12:26:44,176 INFO o.a.j.r.c.ReportGeneratorConfiguration: Property 'jmeter.reportgenerator.exporter.html.show_controllers_only' not found, using default value 'false' instead.
2026-02-03 12:26:44,192 INFO o.a.j.e.StandardJMeterEngine: Running the test!
2026-02-03 12:26:44,192 INFO o.a.j.s.SampleEvent: List of sample_variables: []
2026-02-03 12:26:44,192 INFO o.a.j.s.SampleEvent: List of sample_variables: []
2026-02-03 12:26:44,192 INFO o.a.j.e.u.CompoundVariable: Note: Function class names must contain the string: '.functions.'
2026-02-03 12:26:44,192 INFO o.a.j.e.u.CompoundVariable: Note: Function class names must not contain the string: '.gui.'
2026-02-03 12:26:44,272 INFO o.a.j.JMeter: Running test (1770101804272)
2026-02-03 12:26:44,287 INFO o.a.j.e.StandardJMeterEngine: Starting ThreadGroup: 1 : Thread Group
2026-02-03 12:26:44,287 INFO o.a.j.e.StandardJMeterEngine: Starting 10 threads for group Thread Group.
2026-02-03 12:26:44,287 INFO o.a.j.e.StandardJMeterEngine: Thread will continue on error
2026-02-03 12:26:44,287 INFO o.a.j.t.ThreadGroup: Starting thread group... number=1 threads=10 ramp-up=1 delayedStart=false
2026-02-03 12:26:44,296 INFO o.a.j.t.ThreadGroup: Started thread group number 1
2026-02-03 12:26:44,296 INFO o.a.j.e.StandardJMeterEngine: All thread groups have been started
2026-02-03 12:26:44,299 INFO o.a.j.t.JMeterThread: Thread started: Thread Group 1-1
2026-02-03 12:26:44,313 INFO o.a.j.p.h.s.HTTPHCAbstractImpl: Local host = DESKTOP-ECTTUKC
2026-02-03 12:26:44,317 INFO o.a.j.p.h.s.HTTPHC4Impl: HTTP request retry count = 0
2026-02-03 12:26:44,318 INFO o.a.j.s.SampleResult: Note: Sample TimeStamps are START times
2026-02-03 12:26:44,318 INFO o.a.j.s.SampleResult: sampleresult.default.encoding is set to UTF-8
2026-02-03 12:26:44,318 INFO o.a.j.s.SampleResult: sampleresult.useNanoTime=true
2026-02-03 12:26:44,318 INFO o.a.j.s.SampleResult: sampleresult.nanoThreadSleep=5000
2026-02-03 12:26:44,394 INFO o.a.j.t.JMeterThread: Thread started: Thread Group 1-2
2026-02-03 12:26:44,494 INFO o.a.j.t.JMeterThread: Thread started: Thread Group 1-3
2026-02-03 12:26:44,592 INFO o.a.j.t.JMeterThread: Thread started: Thread Group 1-4
2026-02-03 12:26:44,692 INFO o.a.j.t.JMeterThread: Thread started: Thread Group 1-5
2026-02-03 12:26:44,793 INFO o.a.j.t.JMeterThread: Thread started: Thread Group 1-6
2026-02-03 12:26:44,808 INFO o.a.j.p.h.s.h.LazyLayeredConnectionSocketFactory: Setting up HTTPS TrustAll Socket Factory
2026-02-03 12:26:44,813 INFO o.a.j.u.JsseSSLManager: Using default SSL protocol: TLS
2026-02-03 12:26:44,813 INFO o.a.j.u.JsseSSLManager: SSL session context: per-thread
2026-02-03 12:26:44,876 INFO o.a.j.u.SSLManager: JmeterKeyStore Location:  type JKS
2026-02-03 12:26:44,878 INFO o.a.j.u.SSLManager: KeyStore created OK
2026-02-03 12:26:44,878 WARN o.a.j.u.SSLManager: Keystore file not found, loading empty keystore
2026-02-03 12:26:44,891 INFO o.a.j.t.JMeterThread: Thread started: Thread Group 1-7
2026-02-03 12:26:44,991 INFO o.a.j.t.JMeterThread: Thread started: Thread Group 1-8
2026-02-03 12:26:45,090 INFO o.a.j.t.JMeterThread: Thread started: Thread Group 1-9
2026-02-03 12:26:45,190 INFO o.a.j.t.JMeterThread: Thread started: Thread Group 1-10
2026-02-03 12:26:45,525 INFO o.a.j.t.JMeterThread: Thread is done: Thread Group 1-1
2026-02-03 12:26:45,525 INFO o.a.j.t.JMeterThread: Thread finished: Thread Group 1-1
2026-02-03 12:26:45,525 INFO o.a.j.t.JMeterThread: Thread is done: Thread Group 1-3
2026-02-03 12:26:45,525 INFO o.a.j.t.JMeterThread: Thread finished: Thread Group 1-3
2026-02-03 12:26:45,718 INFO o.a.j.t.JMeterThread: Thread is done: Thread Group 1-4
2026-02-03 12:26:45,718 INFO o.a.j.t.JMeterThread: Thread finished: Thread Group 1-4
2026-02-03 12:26:45,802 INFO o.a.j.t.JMeterThread: Thread is done: Thread Group 1-8
2026-02-03 12:26:45,802 INFO o.a.j.t.JMeterThread: Thread finished: Thread Group 1-8
2026-02-03 12:26:45,840 INFO o.a.j.t.JMeterThread: Thread is done: Thread Group 1-2
2026-02-03 12:26:45,840 INFO o.a.j.t.JMeterThread: Thread is done: Thread Group 1-5
2026-02-03 12:26:45,844 INFO o.a.j.t.JMeterThread: Thread finished: Thread Group 1-2
2026-02-03 12:26:45,845 INFO o.a.j.t.JMeterThread: Thread finished: Thread Group 1-5
2026-02-03 12:26:45,874 INFO o.a.j.t.JMeterThread: Thread is done: Thread Group 1-6
2026-02-03 12:26:45,874 INFO o.a.j.t.JMeterThread: Thread finished: Thread Group 1-6
2026-02-03 12:26:45,909 INFO o.a.j.t.JMeterThread: Thread is done: Thread Group 1-9
2026-02-03 12:26:45,909 INFO o.a.j.t.JMeterThread: Thread finished: Thread Group 1-9
2026-02-03 12:26:45,990 INFO o.a.j.t.JMeterThread: Thread is done: Thread Group 1-7
2026-02-03 12:26:45,990 INFO o.a.j.t.JMeterThread: Thread finished: Thread Group 1-7
2026-02-03 12:26:46,347 INFO o.a.j.t.JMeterThread: Thread is done: Thread Group 1-10
2026-02-03 12:26:46,347 INFO o.a.j.t.JMeterThread: Thread finished: Thread Group 1-10
2026-02-03 12:26:46,347 INFO o.a.j.e.StandardJMeterEngine: Notifying test listeners of end of test
2026-02-03 12:26:46,347 INFO o.a.j.r.Summariser: summary =     10 in 00:00:02 =    4.8/s Avg:  1087 Min:   809 Max:  1447 Err:     0 (0.00%)
2026-02-03 12:26:46,347 INFO o.a.j.JMeter: Generating Dashboard
2026-02-03 12:26:46,347 INFO o.a.j.r.d.ReportGenerator: Flushing result collector before report Generation
2026-02-03 12:26:46,411 INFO o.a.j.r.p.NormalizerSampleConsumer: Using format, 'ms', to parse timeStamp field
2026-02-03 12:26:46,506 INFO o.a.j.r.p.AbstractSampleConsumer: class org.apache.jmeter.report.processor.AggregateConsumer#stopProducing(): beginDate produced 0 samples
2026-02-03 12:26:46,506 INFO o.a.j.r.p.AbstractSampleConsumer: class org.apache.jmeter.report.processor.AggregateConsumer#stopProducing(): endDate produced 0 samples
2026-02-03 12:26:46,506 INFO o.a.j.r.p.AbstractSampleConsumer: class org.apache.jmeter.report.processor.ApdexSummaryConsumer#stopProducing(): apdexSummary produced 0 samples
2026-02-03 12:26:46,506 INFO o.a.j.r.p.AbstractSampleConsumer: class org.apache.jmeter.report.processor.RequestsSummaryConsumer#stopProducing(): requestsSummary produced 0 samples
2026-02-03 12:26:46,506 INFO o.a.j.r.p.AbstractSampleConsumer: class org.apache.jmeter.report.processor.StatisticsSummaryConsumer#stopProducing(): statisticsSummary produced 0 samples
2026-02-03 12:26:46,506 INFO o.a.j.r.p.AbstractSampleConsumer: class org.apache.jmeter.report.processor.Top5ErrorsBySamplerConsumer#stopProducing(): top5ErrorsBySampler produced 0 samples
2026-02-03 12:26:46,506 INFO o.a.j.r.p.AbstractSampleConsumer: class org.apache.jmeter.report.processor.ErrorsSummaryConsumer#stopProducing(): errorsSummary produced 0 samples
2026-02-03 12:26:46,506 INFO o.a.j.r.p.AbstractSampleConsumer: class org.apache.jmeter.report.processor.graph.impl.HitsPerSecondGraphConsumer#stopProducing(): hitsPerSecond produced 0 samples
2026-02-03 12:26:46,554 INFO o.a.j.r.p.AbstractSampleConsumer: class org.apache.jmeter.report.processor.graph.impl.LatencyVSRequestGraphConsumer#stopProducing(): latencyVsRequest produced 0 samples
2026-02-03 12:26:46,554 INFO o.a.j.r.p.AbstractSampleConsumer: class org.apache.jmeter.report.processor.graph.impl.SyntheticResponseTimeDistributionGraphConsumer#stopProducing(): syntheticResponseTimeDistribution produced 0 samples
2026-02-03 12:26:46,554 INFO o.a.j.r.p.AbstractSampleConsumer: class org.apache.jmeter.report.processor.graph.impl.BytesThroughputGraphConsumer#stopProducing(): bytesThroughputOverTime produced 0 samples
2026-02-03 12:26:46,554 INFO o.a.j.r.p.AbstractSampleConsumer: class org.apache.jmeter.report.processor.graph.impl.CodesPerSecondGraphConsumer#stopProducing(): codesPerSecond produced 0 samples
2026-02-03 12:26:46,560 INFO o.a.j.r.p.AbstractSampleConsumer: class org.apache.jmeter.report.processor.graph.impl.ResponseTimeVSRequestGraphConsumer#stopProducing(): responseTimeVsRequest produced 0 samples
2026-02-03 12:26:46,560 INFO o.a.j.r.p.AbstractSampleConsumer: class org.apache.jmeter.report.processor.FilterConsumer#stopProducing(): startIntervalControlerFilter produced 210 samples
2026-02-03 12:26:46,560 INFO o.a.j.r.p.AbstractSampleConsumer: class org.apache.jmeter.report.processor.graph.impl.TotalTPSGraphConsumer#stopProducing(): totalTPS produced 0 samples
2026-02-03 12:26:46,560 INFO o.a.j.r.p.AbstractSampleConsumer: class org.apache.jmeter.report.processor.graph.impl.ActiveThreadsGraphConsumer#stopProducing(): activeThreadsOverTime produced 0 samples
2026-02-03 12:26:46,560 INFO o.a.j.r.p.AbstractSampleConsumer: class org.apache.jmeter.report.processor.graph.impl.TimeVSThreadGraphConsumer#stopProducing(): timeVsThreads produced 0 samples
2026-02-03 12:26:46,560 INFO o.a.j.r.p.AbstractSampleConsumer: class org.apache.jmeter.report.processor.graph.impl.ResponseTimeDistributionGraphConsumer#stopProducing(): responseTimeDistribution produced 0 samples
2026-02-03 12:26:46,560 INFO o.a.j.r.p.AbstractSampleConsumer: class org.apache.jmeter.report.processor.graph.impl.TransactionsPerSecondGraphConsumer#stopProducing(): transactionsPerSecond produced 0 samples
2026-02-03 12:26:46,560 INFO o.a.j.r.p.AbstractSampleConsumer: class org.apache.jmeter.report.processor.graph.impl.ResponseTimePercentilesGraphConsumer#stopProducing(): responseTimePercentiles produced 0 samples
2026-02-03 12:26:46,560 INFO o.a.j.r.p.AbstractSampleConsumer: class org.apache.jmeter.report.processor.graph.impl.ResponseTimePercentilesOverTimeGraphConsumer#stopProducing(): responseTimePercentilesOverTime produced 0 samples
2026-02-03 12:26:46,560 INFO o.a.j.r.p.AbstractSampleConsumer: class org.apache.jmeter.report.processor.graph.impl.ResponseTimeOverTimeGraphConsumer#stopProducing(): responseTimesOverTime produced 0 samples
2026-02-03 12:26:46,560 INFO o.a.j.r.p.AbstractSampleConsumer: class org.apache.jmeter.report.processor.graph.impl.ConnectTimeOverTimeGraphConsumer#stopProducing(): connectTimeOverTime produced 0 samples
2026-02-03 12:26:46,560 INFO o.a.j.r.p.AbstractSampleConsumer: class org.apache.jmeter.report.processor.graph.impl.LatencyOverTimeGraphConsumer#stopProducing(): latenciesOverTime produced 0 samples
2026-02-03 12:26:46,560 INFO o.a.j.r.p.AbstractSampleConsumer: class org.apache.jmeter.report.processor.FilterConsumer#stopProducing(): nameFilter produced 450 samples
2026-02-03 12:26:46,560 INFO o.a.j.r.p.AbstractSampleConsumer: class org.apache.jmeter.report.processor.FilterConsumer#stopProducing(): dateRangeFilter produced 90 samples
2026-02-03 12:26:46,560 INFO o.a.j.r.p.AbstractSampleConsumer: class org.apache.jmeter.report.processor.NormalizerSampleConsumer#stopProducing(): normalizer produced 30 samples
2026-02-03 12:26:46,560 INFO o.a.j.r.p.CsvFileSampleSource: produce(): 30 samples produced in 117ms on channel 0
2026-02-03 12:26:46,560 INFO o.a.j.r.d.ReportGenerator: Exporting data using exporter:'json' of className:'org.apache.jmeter.report.dashboard.JsonExporter'
2026-02-03 12:26:46,639 INFO o.a.j.r.d.JsonExporter: Found data for consumer statisticsSummary in context
2026-02-03 12:26:46,639 INFO o.a.j.r.d.JsonExporter: Creating statistics for overall
2026-02-03 12:26:46,639 INFO o.a.j.r.d.JsonExporter: Creating statistics for other transactions
2026-02-03 12:26:46,639 INFO o.a.j.r.d.JsonExporter: Checking output folder
2026-02-03 12:26:46,639 INFO o.a.j.r.d.JsonExporter: Writing statistics JSON to D:\Jmeter\apache-jmeter\Report\statistics.json
2026-02-03 12:26:46,686 INFO o.a.j.r.d.ReportGenerator: Exporting data using exporter:'html' of className:'org.apache.jmeter.report.dashboard.HtmlTemplateExporter'
2026-02-03 12:26:46,690 INFO o.a.j.r.d.HtmlTemplateExporter: Will generate dashboard in folder: D:\Jmeter\apache-jmeter\Report
2026-02-03 12:26:46,792 INFO o.a.j.r.d.HtmlTemplateExporter: Report will be generated in: D:\Jmeter\apache-jmeter\Report, creating folder structure
2026-02-03 12:26:46,792 INFO o.a.j.r.d.TemplateVisitor: Copying folder from 'D:\Jmeter\apache-jmeter\apache-jmeter-5.6.3\bin\report-template' to 'D:\Jmeter\apache-jmeter\Report', got message: D:\Jmeter\apache-jmeter\Report, found non empty folder with following content [D:\Jmeter\apache-jmeter\Report\statistics.json], will be ignored
2026-02-03 12:26:47,204 INFO o.a.j.JMeter: Dashboard generated
